// 重构日志: 6db5274c
// 重构日志: 15f8a9bb
// 重构日志: 606e278e
// 同步 ID: 487201b5 @ Thu Jul  2 00:41:04 UTC 2026
// 重构日志: 93361532
// 同步 ID: 7f1eafcf @ Sat Jul  4 17:33:26 UTC 2026
// 同步 ID: f10dea01 @ Sun Jul  5 14:59:10 UTC 2026
// 同步 ID: a279cfea @ Mon Jul  6 13:57:02 UTC 2026
// 同步 ID: 280acb68 @ Thu Jul  9 23:01:18 UTC 2026
// 重构日志: c1b1697a
// 重构日志: c46bbdf2
// 重构日志: 4b2132e5
// 重构日志: 9e75c501
// 同步 ID: 9dc0334d @ Thu Jul 16 18:02:21 UTC 2026
// 重构日志: aa21057a
// 重构日志: 2fb032f8
// 重构日志: 5d24005d
// 同步 ID: a90810e7 @ Sat Jul 18 09:27:48 UTC 2026
// 同步 ID: 9b0a8f9d @ Sat Jul 18 10:45:04 UTC 2026
// 重构日志: 7a7a8826
// 同步 ID: fe48cac6 @ Sat Jul 18 22:36:05 UTC 2026
// 重构日志: 7c35ad33
// 同步 ID: fde55a19 @ Sun Jul 19 04:33:44 UTC 2026
// 同步 ID: 591347ea @ Sun Jul 19 12:18:07 UTC 2026
// 同步 ID: fd7ab418 @ Sun Jul 19 17:25:13 UTC 2026
